# JRE version: Java(TM) SE Runtime Environment (8.0_341-b10) (build 1.8.0_341-b10)
# Java VM: Java HotSpot(TM) Client VM (25.341-b10 mixed mode windows-x86 )
Heap:
 def new generation   total 18112K, used 8691K [0x03a00000, 0x04da0000, 0x08f50000)
  eden space 16128K,  52% used [0x03a00000, 0x04238b60, 0x049c0000)
  from space 1984K,  13% used [0x049c0000, 0x04a040e8, 0x04bb0000)
  to   space 1984K,   0% used [0x04bb0000, 0x04bb0000, 0x04da0000)
 tenured generation   total 40108K, used 28436K [0x08f50000, 0x0b67b000, 0x13a00000)
   the space 40108K,  70% used [0x08f50000, 0x0ab15228, 0x0ab15400, 0x0b67b000)
 Metaspace       used 16114K, capacity 16309K, committed 16384K, reserved 16768K
GC Heap History (10 events):
Event: 18.576 GC heap before
{Heap before GC invocations=59 (full 4):
 def new generation   total 18112K, used 18111K [0x03a00000, 0x04da0000, 0x08f50000)
  eden space 16128K,  99% used [0x03a00000, 0x049bfe88, 0x049c0000)
  from space 1984K, 100% used [0x04bb0000, 0x04da0000, 0x04da0000)
  to   space 1984K,   0% used [0x049c0000, 0x049c0000, 0x04bb0000)
 tenured generation   total 40108K, used 24103K [0x08f50000, 0x0b67b000, 0x13a00000)
   the space 40108K,  60% used [0x08f50000, 0x0a6d9ea8, 0x0a6da000, 0x0b67b000)
 Metaspace       used 14469K, capacity 14654K, committed 15232K, reserved 15744K
Event: 18.582 GC heap after
Heap after GC invocations=60 (full 4):
 def new generation   total 18112K, used 483K [0x03a00000, 0x04da0000, 0x08f50000)
  eden space 16128K,   0% used [0x03a00000, 0x03a00000, 0x049c0000)
  from space 1984K,  24% used [0x049c0000, 0x04a38ff0, 0x04bb0000)
  to   space 1984K,   0% used [0x04bb0000, 0x04bb0000, 0x04da0000)
 tenured generation   total 40108K, used 25951K [0x08f50000, 0x0b67b000, 0x13a00000)
   the space 40108K,  64% used [0x08f50000, 0x0a8a7dc0, 0x0a8a7e00, 0x0b67b000)
 Metaspace       used 14469K, capacity 14654K, committed 15232K, reserved 15744K
}
Event: 18.856 GC heap before
{Heap before GC invocations=60 (full 4):
 def new generation   total 18112K, used 16611K [0x03a00000, 0x04da0000, 0x08f50000)
  eden space 16128K, 100% used [0x03a00000, 0x049c0000, 0x049c0000)
  from space 1984K,  24% used [0x049c0000, 0x04a38ff0, 0x04bb0000)
  to   space 1984K,   0% used [0x04bb0000, 0x04bb0000, 0x04da0000)
 tenured generation   total 40108K, used 25951K [0x08f50000, 0x0b67b000, 0x13a00000)
   the space 40108K,  64% used [0x08f50000, 0x0a8a7dc0, 0x0a8a7e00, 0x0b67b000)
 Metaspace       used 14939K, capacity 15137K, committed 15232K, reserved 15744K
Event: 18.860 GC heap after
Heap after GC invocations=61 (full 4):
 def new generation   total 18112K, used 1433K [0x03a00000, 0x04da0000, 0x08f50000)
  eden space 16128K,   0% used [0x03a00000, 0x03a00000, 0x049c0000)
  from space 1984K,  72% used [0x04bb0000, 0x04d16610, 0x04da0000)
  to   space 1984K,   0% used [0x049c0000, 0x049c0000, 0x04bb0000)
 tenured generation   total 40108K, used 25951K [0x08f50000, 0x0b67b000, 0x13a00000)
   the space 40108K,  64% used [0x08f50000, 0x0a8a7dc0, 0x0a8a7e00, 0x0b67b000)
 Metaspace       used 14939K, capacity 15137K, committed 15232K, reserved 15744K
}
Event: 19.107 GC heap before
{Heap before GC invocations=61 (full 4):
 def new generation   total 18112K, used 17561K [0x03a00000, 0x04da0000, 0x08f50000)
  eden space 16128K, 100% used [0x03a00000, 0x049c0000, 0x049c0000)
  from space 1984K,  72% used [0x04bb0000, 0x04d16610, 0x04da0000)
  to   space 1984K,   0% used [0x049c0000, 0x049c0000, 0x04bb0000)
 tenured generation   total 40108K, used 25951K [0x08f50000, 0x0b67b000, 0x13a00000)
   the space 40108K,  64% used [0x08f50000, 0x0a8a7dc0, 0x0a8a7e00, 0x0b67b000)
 Metaspace       used 14988K, capacity 15174K, committed 15232K, reserved 15744K
Event: 19.114 GC heap after
Heap after GC invocations=62 (full 4):
 def new generation   total 18112K, used 1402K [0x03a00000, 0x04da0000, 0x08f50000)
  eden space 16128K,   0% used [0x03a00000, 0x03a00000, 0x049c0000)
  from space 1984K,  70% used [0x049c0000, 0x04b1eb70, 0x04bb0000)
  to   space 1984K,   0% used [0x04bb0000, 0x04bb0000, 0x04da0000)
 tenured generation   total 40108K, used 26412K [0x08f50000, 0x0b67b000, 0x13a00000)
   the space 40108K,  65% used [0x08f50000, 0x0a91b3a8, 0x0a91b400, 0x0b67b000)
 Metaspace       used 14988K, capacity 15174K, committed 15232K, reserved 15744K
}
Event: 20.188 GC heap before
{Heap before GC invocations=62 (full 4):
 def new generation   total 18112K, used 17518K [0x03a00000, 0x04da0000, 0x08f50000)
  eden space 16128K,  99% used [0x03a00000, 0x049bce38, 0x049c0000)
  from space 1984K,  70% used [0x049c0000, 0x04b1eb70, 0x04bb0000)
  to   space 1984K,   0% used [0x04bb0000, 0x04bb0000, 0x04da0000)
 tenured generation   total 40108K, used 26412K [0x08f50000, 0x0b67b000, 0x13a00000)
   the space 40108K,  65% used [0x08f50000, 0x0a91b3a8, 0x0a91b400, 0x0b67b000)
 Metaspace       used 15576K, capacity 15795K, committed 15872K, reserved 16768K
Event: 20.198 GC heap after
Heap after GC invocations=63 (full 4):
 def new generation   total 18112K, used 1499K [0x03a00000, 0x04da0000, 0x08f50000)
  eden space 16128K,   0% used [0x03a00000, 0x03a00000, 0x049c0000)
  from space 1984K,  75% used [0x04bb0000, 0x04d26d18, 0x04da0000)
  to   space 1984K,   0% used [0x049c0000, 0x049c0000, 0x04bb0000)
 tenured generation   total 40108K, used 27633K [0x08f50000, 0x0b67b000, 0x13a00000)
   the space 40108K,  68% used [0x08f50000, 0x0aa4c4c0, 0x0aa4c600, 0x0b67b000)
 Metaspace       used 15576K, capacity 15795K, committed 15872K, reserved 16768K
}
Event: 20.450 GC heap before
{Heap before GC invocations=63 (full 4):
 def new generation   total 18112K, used 17627K [0x03a00000, 0x04da0000, 0x08f50000)
  eden space 16128K, 100% used [0x03a00000, 0x049c0000, 0x049c0000)
  from space 1984K,  75% used [0x04bb0000, 0x04d26d18, 0x04da0000)
  to   space 1984K,   0% used [0x049c0000, 0x049c0000, 0x04bb0000)
 tenured generation   total 40108K, used 27633K [0x08f50000, 0x0b67b000, 0x13a00000)
   the space 40108K,  68% used [0x08f50000, 0x0aa4c4c0, 0x0aa4c600, 0x0b67b000)
 Metaspace       used 15803K, capacity 16053K, committed 16128K, reserved 16768K
Event: 20.454 GC heap after
Heap after GC invocations=64 (full 4):
 def new generation   total 18112K, used 272K [0x03a00000, 0x04da0000, 0x08f50000)
  eden space 16128K,   0% used [0x03a00000, 0x03a00000, 0x049c0000)
  from space 1984K,  13% used [0x049c0000, 0x04a040e8, 0x04bb0000)
  to   space 1984K,   0% used [0x04bb0000, 0x04bb0000, 0x04da0000)
 tenured generation   total 40108K, used 28436K [0x08f50000, 0x0b67b000, 0x13a00000)
   the space 40108K,  70% used [0x08f50000, 0x0ab15228, 0x0ab15400, 0x0b67b000)
 Metaspace       used 15803K, capacity 16053K, committed 16128K, reserved 16768K
}

